Traceback (most recent call last):
  File "/usr/share/miniconda3/envs/elwha_env/lib/python3.10/site-packages/jupyter_cache/executors/utils.py", line 51, in single_nb_execution
    executenb(
  File "/usr/share/miniconda3/envs/elwha_env/lib/python3.10/site-packages/nbclient/client.py", line 1204, in execute
    return NotebookClient(nb=nb, resources=resources, km=km, **kwargs).execute()
  File "/usr/share/miniconda3/envs/elwha_env/lib/python3.10/site-packages/nbclient/util.py", line 84, in wrapped
    return just_run(coro(*args, **kwargs))
  File "/usr/share/miniconda3/envs/elwha_env/lib/python3.10/site-packages/nbclient/util.py", line 62, in just_run
    return loop.run_until_complete(coro)
  File "/usr/share/miniconda3/envs/elwha_env/lib/python3.10/asyncio/base_events.py", line 646, in run_until_complete
    return future.result()
  File "/usr/share/miniconda3/envs/elwha_env/lib/python3.10/site-packages/nbclient/client.py", line 663, in async_execute
    await self.async_execute_cell(
  File "/usr/share/miniconda3/envs/elwha_env/lib/python3.10/site-packages/nbclient/client.py", line 965, in async_execute_cell
    await self._check_raise_for_error(cell, cell_index, exec_reply)
  File "/usr/share/miniconda3/envs/elwha_env/lib/python3.10/site-packages/nbclient/client.py", line 862, in _check_raise_for_error
    raise CellExecutionError.from_cell_and_msg(cell, exec_reply_content)
nbclient.exceptions.CellExecutionError: An error occurred while executing the following cell:
------------------
ir_folder = "data/img/"
ir_prefix = "airborne_ir_"

rgb_folder = "out/realignment/"
rgb_prefix = "rgb_"

truth_folder = "out/segmentation/"
truth_prefix = "truth_"

data = SegmentationDataset(
    "../", ir_folder, rgb_folder, truth_folder, ir_prefix, rgb_prefix, truth_prefix, 
    transforms=None, seed=1, fraction=0.3, subset="Train", mask_color_mode="rgb"
)
loader = DataLoader(data, batch_size=1, shuffle=False, num_workers=12)
------------------

[0;31m---------------------------------------------------------------------------[0m
[0;31mOSError[0m                                   Traceback (most recent call last)
Cell [0;32mIn [4], line 10[0m
[1;32m      7[0m truth_folder [38;5;241m=[39m [38;5;124m"[39m[38;5;124mout/segmentation/[39m[38;5;124m"[39m
[1;32m      8[0m truth_prefix [38;5;241m=[39m [38;5;124m"[39m[38;5;124mtruth_[39m[38;5;124m"[39m
[0;32m---> 10[0m data [38;5;241m=[39m [43mSegmentationDataset[49m[43m([49m
[1;32m     11[0m [43m    [49m[38;5;124;43m"[39;49m[38;5;124;43m../[39;49m[38;5;124;43m"[39;49m[43m,[49m[43m [49m[43mir_folder[49m[43m,[49m[43m [49m[43mrgb_folder[49m[43m,[49m[43m [49m[43mtruth_folder[49m[43m,[49m[43m [49m[43mir_prefix[49m[43m,[49m[43m [49m[43mrgb_prefix[49m[43m,[49m[43m [49m[43mtruth_prefix[49m[43m,[49m[43m [49m
[1;32m     12[0m [43m    [49m[43mtransforms[49m[38;5;241;43m=[39;49m[38;5;28;43;01mNone[39;49;00m[43m,[49m[43m [49m[43mseed[49m[38;5;241;43m=[39;49m[38;5;241;43m1[39;49m[43m,[49m[43m [49m[43mfraction[49m[38;5;241;43m=[39;49m[38;5;241;43m0.3[39;49m[43m,[49m[43m [49m[43msubset[49m[38;5;241;43m=[39;49m[38;5;124;43m"[39;49m[38;5;124;43mTrain[39;49m[38;5;124;43m"[39;49m[43m,[49m[43m [49m[43mmask_color_mode[49m[38;5;241;43m=[39;49m[38;5;124;43m"[39;49m[38;5;124;43mrgb[39;49m[38;5;124;43m"[39;49m
[1;32m     13[0m [43m)[49m
[1;32m     14[0m loader [38;5;241m=[39m DataLoader(data, batch_size[38;5;241m=[39m[38;5;241m1[39m, shuffle[38;5;241m=[39m[38;5;28;01mFalse[39;00m, num_workers[38;5;241m=[39m[38;5;241m12[39m)

Cell [0;32mIn [3], line 57[0m, in [0;36mSegmentationDataset.__init__[0;34m(self, root, ir_folder, rgb_folder, masks_folder, ir_prefix, rgb_prefix, masks_prefix, transforms, seed, fraction, subset, mask_color_mode)[0m
[1;32m     54[0m mask_images_path [38;5;241m=[39m Path([38;5;28mself[39m[38;5;241m.[39mroot) [38;5;241m/[39m masks_folder
[1;32m     56[0m [38;5;28;01mif[39;00m [38;5;129;01mnot[39;00m ir_images_path[38;5;241m.[39mexists():
[0;32m---> 57[0m   [38;5;28;01mraise[39;00m [38;5;167;01mOSError[39;00m([38;5;124mf[39m[38;5;124m"[39m[38;5;132;01m{[39;00mir_images_path[38;5;132;01m}[39;00m[38;5;124m does not exist.[39m[38;5;124m"[39m)
[1;32m     58[0m [38;5;28;01mif[39;00m [38;5;129;01mnot[39;00m rgb_images_path[38;5;241m.[39mexists():
[1;32m     59[0m   [38;5;28;01mraise[39;00m [38;5;167;01mOSError[39;00m([38;5;124mf[39m[38;5;124m"[39m[38;5;132;01m{[39;00mrgb_images_path[38;5;132;01m}[39;00m[38;5;124m does not exist.[39m[38;5;124m"[39m)

[0;31mOSError[0m: ../data/img does not exist.
OSError: ../data/img does not exist.

